  maddox.cpp
C:\Users\ryker\Desktop\gui projects\xBreaders - modcity\2022\backends\imgui_impl_dx11.h(40,41): warning C4100: 'pDrawList': unreferenced formal parameter
C:\Users\ryker\Desktop\gui projects\xBreaders - modcity\2022\backends\imgui_impl_dx11.h(45,39): warning C4100: 'pDrawList': unreferenced formal parameter
C:\Users\ryker\Desktop\gui projects\xBreaders - modcity\2022\backends\imgui_impl_dx11.h(50,41): warning C4100: 'pDrawList': unreferenced formal parameter
C:\Users\ryker\Desktop\gui projects\xBreaders - modcity\2022\backends\imgui_impl_dx11.h(55,42): warning C4100: 'pDrawList': unreferenced formal parameter
C:\Users\ryker\Desktop\gui projects\xBreaders - modcity\2022\examples\example_win32_directx11\maddox.cpp(196,58): warning C4244: 'argument': conversion from 'int' to 'float', possible loss of data
C:\Users\ryker\Desktop\gui projects\xBreaders - modcity\2022\examples\example_win32_directx11\maddox.cpp(196,46): warning C4244: 'argument': conversion from 'int' to 'float', possible loss of data
C:\Users\ryker\Desktop\gui projects\xBreaders - modcity\2022\examples\example_win32_directx11\maddox.cpp(196,33): warning C4244: 'argument': conversion from 'int' to 'float', possible loss of data
C:\Users\ryker\Desktop\gui projects\xBreaders - modcity\2022\examples\example_win32_directx11\maddox.cpp(196,30): warning C4244: 'argument': conversion from 'int' to 'float', possible loss of data
C:\Users\ryker\Desktop\gui projects\xBreaders - modcity\2022\examples\example_win32_directx11\maddox.cpp(201,64): warning C4244: 'argument': conversion from 'int' to 'float', possible loss of data
C:\Users\ryker\Desktop\gui projects\xBreaders - modcity\2022\examples\example_win32_directx11\maddox.cpp(201,52): warning C4244: 'argument': conversion from 'int' to 'float', possible loss of data
C:\Users\ryker\Desktop\gui projects\xBreaders - modcity\2022\examples\example_win32_directx11\maddox.cpp(201,39): warning C4244: 'argument': conversion from 'int' to 'float', possible loss of data
C:\Users\ryker\Desktop\gui projects\xBreaders - modcity\2022\examples\example_win32_directx11\maddox.cpp(201,36): warning C4244: 'argument': conversion from 'int' to 'float', possible loss of data
C:\Users\ryker\Desktop\gui projects\xBreaders - modcity\2022\examples\example_win32_directx11\maddox.cpp(206,74): warning C4244: 'argument': conversion from 'int' to 'float', possible loss of data
C:\Users\ryker\Desktop\gui projects\xBreaders - modcity\2022\examples\example_win32_directx11\maddox.cpp(206,62): warning C4244: 'argument': conversion from 'int' to 'float', possible loss of data
C:\Users\ryker\Desktop\gui projects\xBreaders - modcity\2022\examples\example_win32_directx11\maddox.cpp(206,49): warning C4244: 'argument': conversion from 'int' to 'float', possible loss of data
C:\Users\ryker\Desktop\gui projects\xBreaders - modcity\2022\examples\example_win32_directx11\maddox.cpp(206,46): warning C4244: 'argument': conversion from 'int' to 'float', possible loss of data
C:\Users\ryker\Desktop\gui projects\xBreaders - modcity\2022\examples\example_win32_directx11\maddox.cpp(211,74): warning C4244: 'argument': conversion from 'int' to 'float', possible loss of data
C:\Users\ryker\Desktop\gui projects\xBreaders - modcity\2022\examples\example_win32_directx11\maddox.cpp(211,62): warning C4244: 'argument': conversion from 'int' to 'float', possible loss of data
C:\Users\ryker\Desktop\gui projects\xBreaders - modcity\2022\examples\example_win32_directx11\maddox.cpp(211,49): warning C4244: 'argument': conversion from 'int' to 'float', possible loss of data
C:\Users\ryker\Desktop\gui projects\xBreaders - modcity\2022\examples\example_win32_directx11\maddox.cpp(211,46): warning C4244: 'argument': conversion from 'int' to 'float', possible loss of data
C:\Users\ryker\Desktop\gui projects\xBreaders - modcity\2022\examples\example_win32_directx11\maddox.cpp(216,35): warning C4244: 'argument': conversion from 'int' to 'float', possible loss of data
C:\Users\ryker\Desktop\gui projects\xBreaders - modcity\2022\examples\example_win32_directx11\maddox.cpp(216,32): warning C4244: 'argument': conversion from 'int' to 'float', possible loss of data
C:\Users\ryker\Desktop\gui projects\xBreaders - modcity\2022\examples\example_win32_directx11\maddox.cpp(221,41): warning C4244: 'argument': conversion from 'int' to 'float', possible loss of data
C:\Users\ryker\Desktop\gui projects\xBreaders - modcity\2022\examples\example_win32_directx11\maddox.cpp(221,38): warning C4244: 'argument': conversion from 'int' to 'float', possible loss of data
C:\Users\ryker\Desktop\gui projects\xBreaders - modcity\2022\examples\example_win32_directx11\maddox.cpp(226,33): warning C4244: 'argument': conversion from 'int' to 'float', possible loss of data
C:\Users\ryker\Desktop\gui projects\xBreaders - modcity\2022\examples\example_win32_directx11\maddox.cpp(226,30): warning C4244: 'argument': conversion from 'int' to 'float', possible loss of data
C:\Users\ryker\Desktop\gui projects\xBreaders - modcity\2022\examples\example_win32_directx11\maddox.cpp(230,55): warning C4244: 'argument': conversion from 'int' to 'float', possible loss of data
C:\Users\ryker\Desktop\gui projects\xBreaders - modcity\2022\examples\example_win32_directx11\maddox.cpp(230,52): warning C4244: 'argument': conversion from 'int' to 'float', possible loss of data
C:\Users\ryker\Desktop\gui projects\xBreaders - modcity\2022\examples\example_win32_directx11\maddox.cpp(260,52): warning C4244: '=': conversion from 'double' to 'float', possible loss of data
C:\Users\ryker\Desktop\gui projects\xBreaders - modcity\2022\examples\example_win32_directx11\maddox.cpp(267,53): warning C4244: '=': conversion from 'double' to 'float', possible loss of data
C:\Users\ryker\Desktop\gui projects\xBreaders - modcity\2022\examples\example_win32_directx11\maddox.cpp(340,57): warning C4244: '=': conversion from 'double' to 'float', possible loss of data
C:\Users\ryker\Desktop\gui projects\xBreaders - modcity\2022\examples\example_win32_directx11\maddox.cpp(347,57): warning C4244: '=': conversion from 'double' to 'float', possible loss of data
C:\Users\ryker\Desktop\gui projects\xBreaders - modcity\2022\examples\example_win32_directx11\maddox.cpp(449,48): warning C4244: 'argument': conversion from 'int' to 'float', possible loss of data
C:\Users\ryker\Desktop\gui projects\xBreaders - modcity\2022\examples\example_win32_directx11\maddox.cpp(449,44): warning C4244: 'argument': conversion from 'int' to 'float', possible loss of data
C:\Users\ryker\Desktop\gui projects\xBreaders - modcity\2022\examples\example_win32_directx11\maddox.cpp(449,33): warning C4244: 'argument': conversion from 'int' to 'float', possible loss of data
C:\Users\ryker\Desktop\gui projects\xBreaders - modcity\2022\examples\example_win32_directx11\maddox.cpp(449,30): warning C4244: 'argument': conversion from 'int' to 'float', possible loss of data
  example_win32_directx11.vcxproj -> C:\Users\ryker\Desktop\gui projects\xBreaders - modcity\2022\examples\example_win32_directx11\Debug\example_win32_directx11.exe
